<?xml version="1.0" encoding="UTF-8"?>
<!-- Generated by org.testng.reporters.JUnitReportReporter -->
<testsuite skipped="3" hostname="Ashrafs-MacBook-Air.local" name="amazon3.loginfunctionality" tests="4" failures="0" timestamp="2020-05-30T18:47:45 EDT" time="9.810" errors="0">
  <testcase name="login_valid_invalid" time="9.810" classname="amazon3.loginfunctionality"/>
  <system-out/>
  <testcase name="login_no_credential" classname="amazon3.loginfunctionality">
    <skipped/>
  </testcase> <!-- login_no_credential -->
  <system-out/>
  <testcase name="login_valid" classname="amazon3.loginfunctionality">
    <skipped/>
  </testcase> <!-- login_valid -->
  <system-out/>
  <testcase name="login_invalid" classname="amazon3.loginfunctionality">
    <skipped/>
  </testcase> <!-- login_invalid -->
  <system-out/>
</testsuite> <!-- amazon3.loginfunctionality -->
