<?xml version="1.0" encoding="UTF-8"?>
<!-- Generated by org.testng.reporters.JUnitReportReporter -->
<testsuite skipped="0" hostname="Ashrafs-MacBook-Air.local" name="amazon3.clickinfunctionality" tests="6" failures="0" timestamp="2020-06-07T12:05:18 EDT" time="43.537" errors="0">
  <testcase name="bestseller" time="8.843" classname="amazon3.clickinfunctionality"/>
  <system-out/>
  <testcase name="customer_service" time="6.826" classname="amazon3.clickinfunctionality"/>
  <system-out/>
  <testcase name="clicking3" time="6.812" classname="amazon3.clickinfunctionality"/>
  <system-out/>
  <testcase name="clicking4" time="8.034" classname="amazon3.clickinfunctionality"/>
  <system-out/>
  <testcase name="sell" time="6.432" classname="amazon3.clickinfunctionality"/>
  <system-out/>
  <testcase name="wholefood" time="6.590" classname="amazon3.clickinfunctionality"/>
  <system-out/>
</testsuite> <!-- amazon3.clickinfunctionality -->
