<?xml version="1.0" encoding="UTF-8"?>
<!-- Generated by org.testng.reporters.JUnitReportReporter -->
<testsuite skipped="0" hostname="Ashrafs-MacBook-Air.local" name="amazon3.ff" tests="1" failures="0" timestamp="2020-05-28T23:18:09 EDT" time="0.010" errors="0">
  <testcase name="email" time="0.010" classname="amazon3.ff"/>
  <system-out/>
</testsuite> <!-- amazon3.ff -->
