<?xml version="1.0" encoding="UTF-8"?>
<!-- Generated by org.testng.reporters.JUnitReportReporter -->
<testsuite skipped="0" hostname="Ashrafs-MacBook-Air.local" name="amazon3.searchfunctionality" tests="6" failures="0" timestamp="2020-05-30T16:01:24 EDT" time="51.259" errors="0">
  <testcase name="search_n95mask" time="8.257" classname="amazon3.searchfunctionality"/>
  <system-out/>
  <testcase name="search_nintendo" time="9.106" classname="amazon3.searchfunctionality"/>
  <system-out/>
  <testcase name="search_ps4" time="9.025" classname="amazon3.searchfunctionality"/>
  <system-out/>
  <testcase name="search_sanitizer" time="8.317" classname="amazon3.searchfunctionality"/>
  <system-out/>
  <testcase name="search_weber" time="8.714" classname="amazon3.searchfunctionality"/>
  <system-out/>
  <testcase name="search_airpodpro" time="7.840" classname="amazon3.searchfunctionality"/>
  <system-out/>
</testsuite> <!-- amazon3.searchfunctionality -->
